<?xml version="1.0" encoding="UTF-8"?>
<testsuite name="demo.ApplicationTests" time="1.558" tests="4" errors="0" skipped="0" failures="0">
  <properties>
    <property name="java.runtime.name" value="OpenJDK Runtime Environment"/>
    <property name="sun.boot.library.path" value="C:\Users\William Campoli\scoop\apps\openjdk\current\jre\bin"/>
    <property name="java.vm.version" value="25.131-b11"/>
    <property name="java.vm.vendor" value="Oracle Corporation"/>
    <property name="maven.multiModuleProjectDirectory" value="C:\Users\William Campoli\workspace\tut-spring-security-and-angular-js\tut-spring-security-and-angular-js"/>
    <property name="java.vendor.url" value="http://java.oracle.com/"/>
    <property name="path.separator" value=";"/>
    <property name="guice.disable.misplaced.annotation.check" value="true"/>
    <property name="java.vm.name" value="OpenJDK 64-Bit Server VM"/>
    <property name="file.encoding.pkg" value="sun.io"/>
    <property name="user.script" value=""/>
    <property name="user.country" value="CA"/>
    <property name="sun.java.launcher" value="SUN_STANDARD"/>
    <property name="sun.os.patch.level" value=""/>
    <property name="java.vm.specification.name" value="Java Virtual Machine Specification"/>
    <property name="user.dir" value="C:\Users\William Campoli\workspace\tut-spring-security-and-angular-js\tut-spring-security-and-angular-js\double"/>
    <property name="java.runtime.version" value="1.8.0_131-1-ojdkbuild-b11"/>
    <property name="java.awt.graphicsenv" value="sun.awt.Win32GraphicsEnvironment"/>
    <property name="java.endorsed.dirs" value="C:\Users\William Campoli\scoop\apps\openjdk\current\jre\lib\endorsed"/>
    <property name="os.arch" value="amd64"/>
    <property name="java.io.tmpdir" value="C:\Users\WILLIA~1\AppData\Local\Temp\"/>
    <property name="line.separator" value="&#10;"/>
    <property name="java.vm.specification.vendor" value="Oracle Corporation"/>
    <property name="user.variant" value=""/>
    <property name="os.name" value="Windows 10"/>
    <property name="classworlds.conf" value="C:\Users\William Campoli\scoop\apps\maven\current\bin\..\bin\m2.conf"/>
    <property name="sun.jnu.encoding" value="Cp1252"/>
    <property name="java.library.path" value="C:\Users\William Campoli\scoop\apps\openjdk\current\bin;C:\WINDOWS\Sun\Java\bin;C:\WINDOWS\system32;C:\WINDOWS;C:\ProgramData\Oracle\Java\javapath;C:\Windows\system32;C:\Windows;C:\Windows\System32\Wbem;C:\Windows\System32\WindowsPowerShell\v1.0\;C:\Program Files (x86)\NVIDIA Corporation\PhysX\Common;C:\Program Files\Intel\WiFi\bin\;C:\Program Files\Common Files\Intel\WirelessCommon\;C:\Program Files\MySQL\MySQL Utilities 1.6\;C:\Program Files\Cloud Foundry;C:\Program Files\Git\cmd;C:\Program Files\Jq;C:\Program Files\ANSI166\x64;C:\Program Files\spring-1.5.4.RELEASE\bin;C:\Program Files\Concourse\fly;C:\Program Files\MongoDB\Server\3.4\bin;C:\Program Files\nodejs\;&quot;C:\Program Files\JetBrains\IntelliJ IDEA 2017.1.3\bin&quot;;%SystemRoot%\system32;%SystemRoot%;%SystemRoot%\System32\Wbem;%SYSTEMROOT%\System32\WindowsPowerShell\v1.0\;C:\Users\William Campoli\AppData\Local\Programs\Python\Python36\Scripts\;C:\Users\William Campoli\AppData\Local\Programs\Python\Python36\;C:\Users\William Campoli\scoop\apps\openjdk\current\bin;C:\Users\William Campoli\scoop\apps\maven\current\bin;C:\Users\William Campoli\scoop\apps\gcc\current\bin;C:\Users\William Campoli\scoop\shims;C:\Users\William Campoli\AppData\Local\Microsoft\WindowsApps;C:\Users\William Campoli\AppData\Local\atom\bin;C:\Users\William Campoli\AppData\Roaming\npm;C:\Users\William Campoli\AppData\Local\Yarn\bin;%USERPROFILE%\AppData\Local\Microsoft\WindowsApps;;."/>
    <property name="maven.conf" value="C:\Users\William Campoli\scoop\apps\maven\current\bin\../conf"/>
    <property name="altSnapshotDeploymentRepository" value="repo.spring.io::default::https://repo.spring.io/libs-snapshot-local"/>
    <property name="java.specification.name" value="Java Platform API Specification"/>
    <property name="java.class.version" value="52.0"/>
    <property name="sun.management.compiler" value="HotSpot 64-Bit Tiered Compilers"/>
    <property name="os.version" value="10.0"/>
    <property name="library.jansi.path" value="C:\Users\William Campoli\scoop\apps\maven\current\bin\..\lib\jansi-native\windows64"/>
    <property name="user.home" value="C:\Users\William Campoli"/>
    <property name="user.timezone" value="America/New_York"/>
    <property name="java.awt.printerjob" value="sun.awt.windows.WPrinterJob"/>
    <property name="java.specification.version" value="1.8"/>
    <property name="file.encoding" value="Cp1252"/>
    <property name="user.name" value="William Campoli"/>
    <property name="java.class.path" value="C:\Users\William Campoli\scoop\apps\maven\current\bin\..\boot\plexus-classworlds-2.5.2.jar"/>
    <property name="java.vm.specification.version" value="1.8"/>
    <property name="sun.arch.data.model" value="64"/>
    <property name="java.home" value="C:\Users\William Campoli\scoop\apps\openjdk\current\jre"/>
    <property name="sun.java.command" value="org.codehaus.plexus.classworlds.launcher.Launcher package"/>
    <property name="java.specification.vendor" value="Oracle Corporation"/>
    <property name="user.language" value="en"/>
    <property name="awt.toolkit" value="sun.awt.windows.WToolkit"/>
    <property name="java.vm.info" value="mixed mode"/>
    <property name="java.version" value="1.8.0_131-1-ojdkbuild"/>
    <property name="java.ext.dirs" value="C:\Users\William Campoli\scoop\apps\openjdk\current\jre\lib\ext;C:\WINDOWS\Sun\Java\lib\ext"/>
    <property name="sun.boot.class.path" value="C:\Users\William Campoli\scoop\apps\openjdk\current\jre\lib\resources.jar;C:\Users\William Campoli\scoop\apps\openjdk\current\jre\lib\rt.jar;C:\Users\William Campoli\scoop\apps\openjdk\current\jre\lib\sunrsasign.jar;C:\Users\William Campoli\scoop\apps\openjdk\current\jre\lib\jsse.jar;C:\Users\William Campoli\scoop\apps\openjdk\current\jre\lib\jce.jar;C:\Users\William Campoli\scoop\apps\openjdk\current\jre\lib\charsets.jar;C:\Users\William Campoli\scoop\apps\openjdk\current\jre\lib\jfr.jar;C:\Users\William Campoli\scoop\apps\openjdk\current\jre\classes"/>
    <property name="sun.stderr.encoding" value="cp850"/>
    <property name="java.vendor" value="Oracle Corporation"/>
    <property name="maven.home" value="C:\Users\William Campoli\scoop\apps\maven\current\bin\.."/>
    <property name="file.separator" value="\"/>
    <property name="java.security.egd" value="file:/dev/./urandom"/>
    <property name="java.vendor.url.bug" value="http://bugreport.sun.com/bugreport/"/>
    <property name="sun.cpu.endian" value="little"/>
    <property name="sun.io.unicode.encoding" value="UnicodeLittle"/>
    <property name="sun.stdout.encoding" value="cp850"/>
    <property name="sun.desktop" value="windows"/>
    <property name="sun.cpu.isalist" value="amd64"/>
  </properties>
  <testcase name="userEndpointProtected" classname="demo.ApplicationTests" time="0.498"/>
  <testcase name="homePageLoads" classname="demo.ApplicationTests" time="0.283"/>
  <testcase name="resourceEndpointProtected" classname="demo.ApplicationTests" time="0.522"/>
  <testcase name="loginSucceeds" classname="demo.ApplicationTests" time="0.255"/>
</testsuite>